<?xml version="1.0" encoding="UTF-8"?>
<testsuite xmlns:xsi="http://www.w3.org/2001/XMLSchema-instance" xsi:noNamespaceSchemaLocation="https://maven.apache.org/surefire/maven-surefire-plugin/xsd/surefire-test-report-3.0.xsd" version="3.0" name="com.mycompany.mysystem.example.ConfigTest" time="0.025" tests="1" errors="0" skipped="0" failures="0">
  <properties>
[...]
</properties>
  <testcase name="testConfig" classname="com.mycompany.mysystem.example.ConfigTest" time="0.023">
    <system-out><![CDATA[2024-04-18 09:58:21,991 WARN  [main] ognl.OgnlUtil (OgnlUtil.java:845) - Working in devMode, using devMode excluded classes and packages!
2024-04-18 09:58:22,006 WARN  [main] ognl.OgnlUtil (OgnlUtil.java:845) - Working in devMode, using devMode excluded classes and packages!
]]></system-out>
  </testcase>
</testsuite>